rust_000
stack_9285666417972241631:push(0)
stack_9285666417972241631:push(1)
stack_9285666417972241631:push(2)
stack_9285666417972241631:push(3)
stack_9285666417972241631:push(4)
stack_9285666417972241631:push(5)
stack_9285666417972241631:push(6)
stack_9285666417972241631:push(7)
stack_9285666417972241631:push(8)
stack_9285666417972241631:push(9)
stack_9285666417972241631:is_empty(false)
stack_9285666417972241631:pop(Some(9))
stack_1817079050227531672:push(9)
stack_9285666417972241631:is_empty(false)
stack_9285666417972241631:pop(Some(8))
stack_1817079050227531672:push(8)
stack_9285666417972241631:is_empty(false)
stack_9285666417972241631:pop(Some(7))
stack_1817079050227531672:push(7)
stack_9285666417972241631:is_empty(false)
stack_9285666417972241631:pop(Some(6))
stack_1817079050227531672:push(6)
stack_9285666417972241631:is_empty(false)
stack_9285666417972241631:pop(Some(5))
stack_1817079050227531672:push(5)
stack_9285666417972241631:is_empty(false)
stack_9285666417972241631:pop(Some(4))
stack_1817079050227531672:push(4)
stack_9285666417972241631:is_empty(false)
stack_9285666417972241631:pop(Some(3))
stack_1817079050227531672:push(3)
stack_9285666417972241631:is_empty(false)
stack_9285666417972241631:pop(Some(2))
stack_1817079050227531672:push(2)
stack_9285666417972241631:is_empty(false)
stack_9285666417972241631:pop(Some(1))
stack_1817079050227531672:push(1)
stack_9285666417972241631:is_empty(false)
stack_9285666417972241631:pop(Some(0))
stack_1817079050227531672:push(0)
stack_9285666417972241631:is_empty(true)
