rust_000
stack_12630936244959962295:push("item 0")
stack_12630936244959962295:push("item 1")
stack_12630936244959962295:push("item 2")
stack_12630936244959962295:push("item 3")
stack_12630936244959962295:push("item 4")
stack_12630936244959962295:push("item 5")
stack_12630936244959962295:push("item 6")
stack_12630936244959962295:push("item 7")
stack_12630936244959962295:push("item 8")
stack_12630936244959962295:push("item 9")
stack_12630936244959962295:is_empty(false)
stack_12630936244959962295:pop(Some("item 9"))
stack_12890497021991598334:push("item 9")
stack_12630936244959962295:is_empty(false)
stack_12630936244959962295:pop(Some("item 8"))
stack_12890497021991598334:push("item 8")
stack_12630936244959962295:is_empty(false)
stack_12630936244959962295:pop(Some("item 7"))
stack_12890497021991598334:push("item 7")
stack_12630936244959962295:is_empty(false)
stack_12630936244959962295:pop(Some("item 6"))
stack_12890497021991598334:push("item 6")
stack_12630936244959962295:is_empty(false)
stack_12630936244959962295:pop(Some("item 5"))
stack_12890497021991598334:push("item 5")
stack_12630936244959962295:is_empty(false)
stack_12630936244959962295:pop(Some("item 4"))
stack_12890497021991598334:push("item 4")
stack_12630936244959962295:is_empty(false)
stack_12630936244959962295:pop(Some("item 3"))
stack_12890497021991598334:push("item 3")
stack_12630936244959962295:is_empty(false)
stack_12630936244959962295:pop(Some("item 2"))
stack_12890497021991598334:push("item 2")
stack_12630936244959962295:is_empty(false)
stack_12630936244959962295:pop(Some("item 1"))
stack_12890497021991598334:push("item 1")
stack_12630936244959962295:is_empty(false)
stack_12630936244959962295:pop(Some("item 0"))
stack_12890497021991598334:push("item 0")
stack_12630936244959962295:is_empty(true)
