python_001
stack_3776717436:push(0)
stack_3776717436:push(1)
stack_3776717436:push(2)
stack_3776717436:push(3)
stack_3776717436:push(4)
stack_3776717436:push(5)
stack_3776717436:push(6)
stack_3776717436:push(7)
stack_3776717436:push(8)
stack_3776717436:push(9)
stack_3776717436:is_empty(False)
stack_3776717436:pop(9)
stack_4208914027:push(9)
stack_3776717436:is_empty(False)
stack_3776717436:pop(8)
stack_4208914027:push(8)
stack_3776717436:is_empty(False)
stack_3776717436:pop(7)
stack_4208914027:push(7)
stack_3776717436:is_empty(False)
stack_3776717436:pop(6)
stack_4208914027:push(6)
stack_3776717436:is_empty(False)
stack_3776717436:pop(5)
stack_4208914027:push(5)
stack_3776717436:is_empty(False)
stack_3776717436:pop(4)
stack_4208914027:push(4)
stack_3776717436:is_empty(False)
stack_3776717436:pop(3)
stack_4208914027:push(3)
stack_3776717436:is_empty(False)
stack_3776717436:pop(2)
stack_4208914027:push(2)
stack_3776717436:is_empty(False)
stack_3776717436:pop(1)
stack_4208914027:push(1)
stack_3776717436:is_empty(False)
stack_3776717436:pop(0)
stack_4208914027:push(0)
stack_3776717436:is_empty(True)
